<?xml version="1.0" encoding="UTF-8"?>
<!-- Generated by org.testng.reporters.JUnitReportReporter -->
<testsuite hostname="LAPTOP-I03QLHBP" failures="0" tests="1" name="tests.ProductTest" time="40.179" errors="0" timestamp="2020-12-14T09:46:38 IST" skipped="0">
  <testcase classname="tests.ProductTest" name="launcher" time="40.179"/>
  <system-out/>
</testsuite> <!-- tests.ProductTest -->
