<?xml version="1.0" encoding="UTF-8"?>
<!-- Generated by org.testng.reporters.JUnitReportReporter -->
<testsuite hostname="LAPTOP-I03QLHBP" failures="0" tests="1" name="tests.MavenParent" time="0.011" errors="0" timestamp="2020-12-13T10:59:31 IST" skipped="0">
  <testcase classname="tests.MavenParent" name="sampleTest" time="0.011"/>
  <system-out/>
</testsuite> <!-- tests.MavenParent -->
