<?xml version="1.0" encoding="UTF-8"?>
<!-- Generated by org.testng.reporters.JUnitReportReporter -->
<testsuite hostname="LAPTOP-I03QLHBP" failures="0" tests="1" name="tests.ProductTest" time="57.134" errors="0" timestamp="2020-12-18T16:49:57 IST" skipped="0">
  <testcase classname="tests.ProductTest" name="launcher" time="57.134"/>
  <system-out/>
</testsuite> <!-- tests.ProductTest -->
