<?xml version="1.0" encoding="UTF-8"?>
<!-- Generated by org.testng.reporters.JUnitReportReporter -->
<testsuite hostname="LAPTOP-I03QLHBP" failures="0" tests="1" name="Utils.ReadExcel" time="0.844" errors="0" timestamp="2020-12-17T23:34:45 IST" skipped="0">
  <testcase classname="Utils.ReadExcel" name="readData" time="0.844"/>
  <system-out/>
</testsuite> <!-- Utils.ReadExcel -->
