<?xml version="1.0" encoding="UTF-8"?>
<!-- Generated by org.testng.reporters.JUnitReportReporter -->
<testsuite hostname="LAPTOP-I03QLHBP" failures="0" tests="1" name="pages.HomePage" time="9.159" errors="0" timestamp="2020-12-13T12:41:57 IST" skipped="0">
  <testcase classname="pages.HomePage" name="searchProduct" time="9.159"/>
  <system-out/>
</testsuite> <!-- pages.HomePage -->
